{"contracts/MyContract.sol":{"l":{"7":6,"11":1,"15":2},"path":"/home/tam/ThanhTam/Lotus_Soft/solidity/simple-solidity-project/contracts/MyContract.sol","s":{"1":6,"2":1,"3":2},"b":{},"f":{"1":6,"2":1,"3":2},"fnMap":{"1":{"name":"constructor","line":6,"loc":{"start":{"line":6,"column":2},"end":{"line":8,"column":2}}},"2":{"name":"changeName","line":10,"loc":{"start":{"line":10,"column":2},"end":{"line":12,"column":2}}},"3":{"name":"getName","line":14,"loc":{"start":{"line":14,"column":2},"end":{"line":16,"column":2}}}},"statementMap":{"1":{"start":{"line":7,"column":4},"end":{"line":7,"column":15}},"2":{"start":{"line":11,"column":4},"end":{"line":11,"column":15}},"3":{"start":{"line":15,"column":4},"end":{"line":15,"column":15}}},"branchMap":{}}}